<testsuites name="jest tests" tests="26" failures="0" time="8.756">
  <testsuite name="Top Level App" errors="0" failures="0" skipped="0" timestamp="2018-10-16T05:16:43" time="2.266" tests="4">
    <testcase classname="Top Level App shallow renders without crashing" name="Top Level App shallow renders without crashing" time="0.009">
    </testcase>
    <testcase classname="Top Level App shallow should render correctly" name="Top Level App shallow should render correctly" time="0.005">
    </testcase>
    <testcase classname="Top Level App Maps State To Props passes correct theme when theme is there" name="Top Level App Maps State To Props passes correct theme when theme is there" time="0.005">
    </testcase>
    <testcase classname="Top Level App Maps State To Props passes undefined when it&apos;s not but still renders" name="Top Level App Maps State To Props passes undefined when it&apos;s not but still renders" time="0.002">
    </testcase>
  </testsuite>
  <testsuite name="App Settings" errors="0" failures="0" skipped="0" timestamp="2018-10-16T05:16:45" time="0.787" tests="6">
    <testcase classname="App Settings Shallow Testing renders without creashing" name="App Settings Shallow Testing renders without creashing" time="0.003">
    </testcase>
    <testcase classname="App Settings Shallow Testing renders correctly" name="App Settings Shallow Testing renders correctly" time="0.004">
    </testcase>
    <testcase classname="App Settings Shallow Testing dispatches fetch calls on load" name="App Settings Shallow Testing dispatches fetch calls on load" time="0.001">
    </testcase>
    <testcase classname="App Settings Shallow Testing submit calls update site and update config" name="App Settings Shallow Testing submit calls update site and update config" time="0.004">
    </testcase>
    <testcase classname="App Settings Shallow Testing submit calls set submitting to true while submitting" name="App Settings Shallow Testing submit calls set submitting to true while submitting" time="0.001">
    </testcase>
    <testcase classname="App Settings Shallow Testing isSubmitting is set to false when completed" name="App Settings Shallow Testing isSubmitting is set to false when completed" time="0.001">
    </testcase>
  </testsuite>
  <testsuite name="App Settings" errors="0" failures="0" skipped="0" timestamp="2018-10-16T05:16:46" time="0.35" tests="2">
    <testcase classname="App Settings Shallow Testing renders without crashing" name="App Settings Shallow Testing renders without crashing" time="0.003">
    </testcase>
    <testcase classname="App Settings Shallow Testing render matches snapshot" name="App Settings Shallow Testing render matches snapshot" time="0.005">
    </testcase>
  </testsuite>
  <testsuite name="Virtual Applications Table" errors="0" failures="0" skipped="0" timestamp="2018-10-16T05:16:47" time="0.321" tests="2">
    <testcase classname="Virtual Applications Table Shallow Testing renders without crashing" name="Virtual Applications Table Shallow Testing renders without crashing" time="0.003">
    </testcase>
    <testcase classname="Virtual Applications Table Shallow Testing render matches snapshot" name="Virtual Applications Table Shallow Testing render matches snapshot" time="0.006">
    </testcase>
  </testsuite>
  <testsuite name="Handler Mappings Table" errors="0" failures="0" skipped="0" timestamp="2018-10-16T05:16:47" time="0.293" tests="2">
    <testcase classname="Handler Mappings Table Shallow Testing renders without crashing" name="Handler Mappings Table Shallow Testing renders without crashing" time="0.003">
    </testcase>
    <testcase classname="Handler Mappings Table Shallow Testing render matches snapshot" name="Handler Mappings Table Shallow Testing render matches snapshot" time="0.002">
    </testcase>
  </testsuite>
  <testsuite name="App Service Router" errors="0" failures="0" skipped="0" timestamp="2018-10-16T05:16:47" time="0.29" tests="6">
    <testcase classname="App Service Router sites renders without crashing" name="App Service Router sites renders without crashing" time="0.002">
    </testcase>
    <testcase classname="App Service Router sites should render correctly" name="App Service Router sites should render correctly" time="0.002">
    </testcase>
    <testcase classname="App Service Router sites calls update resourceId" name="App Service Router sites calls update resourceId" time="0.002">
    </testcase>
    <testcase classname="App Service Router slots renders without crashing" name="App Service Router slots renders without crashing" time="0.001">
    </testcase>
    <testcase classname="App Service Router slots should render correctly" name="App Service Router slots should render correctly" time="0.001">
    </testcase>
    <testcase classname="App Service Router slots calls update resourceId" name="App Service Router slots calls update resourceId" time="0.001">
    </testcase>
  </testsuite>
  <testsuite name="Virtual Applications Add/Edit" errors="0" failures="0" skipped="0" timestamp="2018-10-16T05:16:48" time="0.245" tests="2">
    <testcase classname="Virtual Applications Add/Edit Shallow Testing renders without crashing" name="Virtual Applications Add/Edit Shallow Testing renders without crashing" time="0.002">
    </testcase>
    <testcase classname="Virtual Applications Add/Edit Shallow Testing render matches snapshot" name="Virtual Applications Add/Edit Shallow Testing render matches snapshot" time="0.003">
    </testcase>
  </testsuite>
  <testsuite name="Handler Mappings Add Edit" errors="0" failures="0" skipped="0" timestamp="2018-10-16T05:16:48" time="0.251" tests="2">
    <testcase classname="Handler Mappings Add Edit Shallow Testing renders without crashing" name="Handler Mappings Add Edit Shallow Testing renders without crashing" time="0.002">
    </testcase>
    <testcase classname="Handler Mappings Add Edit Shallow Testing render matches snapshot" name="Handler Mappings Add Edit Shallow Testing render matches snapshot" time="0.003">
    </testcase>
  </testsuite>
</testsuites>